<?xml version="1.0" encoding="UTF-8"?>
<!-- Generated by org.testng.reporters.JUnitReportReporter -->
<testsuite hostname="kau5ha1" failures="0" tests="3" name="mavenforjenkins.jenkinTest" time="0.044" errors="0" timestamp="2024-05-08T15:51:57 IST" skipped="0">
  <testcase classname="mavenforjenkins.jenkinTest" name="test1" time="0.041"/>
  <system-out>
priority : 1  </system-out>
  <testcase classname="mavenforjenkins.jenkinTest" name="test2" time="0.001"/>
  <system-out>
priority : 2  </system-out>
  <testcase classname="mavenforjenkins.jenkinTest" name="test3" time="0.002"/>
  <system-out/>
</testsuite> <!-- mavenforjenkins.jenkinTest -->
